@storybook/cli v7.0.9

info => Cleaning outputDir: /tmp/chromatic--75202-7aTPOOuTT3co
info => Loading presets
info => Building manager..
WARN unable to find package.json for chromatic
info => Manager built (105 ms)
info => Copying static files: /home/brian/code/evidence/evidence/node_modules/.pnpm/@storybook+manager@7.0.9/node_modules/@storybook/manager/static at /tmp/chromatic--75202-7aTPOOuTT3co/sb-common-assets
WARN No story files found for the specified pattern: src/**/*.mdx

vite v4.3.5 building for production...

./sb-common-assets/fonts.css doesn't exist at build time, it will remain unchanged to be resolved at runtime
transforming...
Use of eval in "../../node_modules/.pnpm/telejson@7.1.0/node_modules/telejson/dist/index.mjs" is strongly discouraged as it poses security risks and may cause issues with minification.
Use of eval in "../../node_modules/.pnpm/telejson@7.1.0/node_modules/telejson/dist/index.mjs" is strongly discouraged as it poses security risks and may cause issues with minification.
✓ 516 modules transformed.
4:15:48 PM [vite-plugin-svelte] dom compile done.
package                    	files	  time	   avg
@storybook/svelte          	    2	63.1ms	31.5ms
@evidence-dev/ui           	    2	62.8ms	31.4ms
@storybook/addon-svelte-csf	    5	47.1ms	 9.4ms
rendering chunks...
computing gzip size...
../../../../../../../tmp/chromatic--75202-7aTPOOuTT3co/iframe.html                                          12.76 kB │ gzip:   3.59 kB
../../../../../../../tmp/chromatic--75202-7aTPOOuTT3co/assets/Alert.stories-acac5954.css                     1.15 kB │ gzip:   0.44 kB
../../../../../../../tmp/chromatic--75202-7aTPOOuTT3co/assets/preview-1e5c59db.js                            0.19 kB │ gzip:   0.19 kB │ map:     0.59 kB
../../../../../../../tmp/chromatic--75202-7aTPOOuTT3co/assets/index-d475d2ea.js                              0.21 kB │ gzip:   0.17 kB │ map:     0.86 kB
../../../../../../../tmp/chromatic--75202-7aTPOOuTT3co/assets/_commonjsHelpers-725317a4.js                   0.29 kB │ gzip:   0.23 kB │ map:     0.11 kB
../../../../../../../tmp/chromatic--75202-7aTPOOuTT3co/assets/WithTooltip-FBT32F6Q-a3ec6bb4.js               0.41 kB │ gzip:   0.26 kB │ map:     0.11 kB
../../../../../../../tmp/chromatic--75202-7aTPOOuTT3co/assets/syntaxhighlighter-QTQ2UBB4-ca66c8f9.js         0.43 kB │ gzip:   0.29 kB │ map:     0.12 kB
../../../../../../../tmp/chromatic--75202-7aTPOOuTT3co/assets/preview-b5c08ad3.js                            0.48 kB │ gzip:   0.31 kB │ map:     0.60 kB
../../../../../../../tmp/chromatic--75202-7aTPOOuTT3co/assets/preview-5ef354f3.js                            0.69 kB │ gzip:   0.49 kB │ map:     3.98 kB
../../../../../../../tmp/chromatic--75202-7aTPOOuTT3co/assets/index-356e4a49.js                              0.81 kB │ gzip:   0.51 kB │ map:     3.28 kB
../../../../../../../tmp/chromatic--75202-7aTPOOuTT3co/assets/index-77e1627d.js                              0.81 kB │ gzip:   0.47 kB │ map:     4.30 kB
../../../../../../../tmp/chromatic--75202-7aTPOOuTT3co/assets/preview-b1164a2e.js                            0.88 kB │ gzip:   0.58 kB │ map:     2.95 kB
../../../../../../../tmp/chromatic--75202-7aTPOOuTT3co/assets/preview-a60aa466.js                            2.40 kB │ gzip:   1.25 kB │ map:    11.16 kB
../../../../../../../tmp/chromatic--75202-7aTPOOuTT3co/assets/index-d37d4223.js                              2.63 kB │ gzip:   1.30 kB │ map:     7.49 kB
../../../../../../../tmp/chromatic--75202-7aTPOOuTT3co/assets/preview-770cc08b.js                            3.22 kB │ gzip:   1.39 kB │ map:    10.11 kB
../../../../../../../tmp/chromatic--75202-7aTPOOuTT3co/assets/iframe-08e6510a.js                             3.73 kB │ gzip:   1.49 kB │ map:     5.31 kB
../../../../../../../tmp/chromatic--75202-7aTPOOuTT3co/assets/index-10b4d741.js                              7.55 kB │ gzip:   3.05 kB │ map:    94.62 kB
../../../../../../../tmp/chromatic--75202-7aTPOOuTT3co/assets/preview-62235626.js                            7.69 kB │ gzip:   1.60 kB │ map:    13.85 kB
../../../../../../../tmp/chromatic--75202-7aTPOOuTT3co/assets/preview-e6f1f377.js                            7.97 kB │ gzip:   3.03 kB │ map:    28.08 kB
../../../../../../../tmp/chromatic--75202-7aTPOOuTT3co/assets/config-d1eca406.js                            10.31 kB │ gzip:   3.71 kB │ map:    18.08 kB
../../../../../../../tmp/chromatic--75202-7aTPOOuTT3co/assets/GlobalScrollAreaStyles-XIHNDKUY-be48fa9a.js   10.38 kB │ gzip:   2.34 kB │ map:    15.76 kB
../../../../../../../tmp/chromatic--75202-7aTPOOuTT3co/assets/Alert.stories-f1d26997.js                     14.78 kB │ gzip:   4.78 kB │ map:    24.28 kB
../../../../../../../tmp/chromatic--75202-7aTPOOuTT3co/assets/preview-b038cc74.js                           21.08 kB │ gzip:   6.99 kB │ map:    68.26 kB
../../../../../../../tmp/chromatic--75202-7aTPOOuTT3co/assets/Color-3YIJY6X7-a8f0dfbb.js                    31.01 kB │ gzip:  11.65 kB │ map:   112.80 kB
../../../../../../../tmp/chromatic--75202-7aTPOOuTT3co/assets/OverlayScrollbars-VAV6LJAB-6a09846e.js        58.96 kB │ gzip:  25.28 kB │ map:   277.49 kB
../../../../../../../tmp/chromatic--75202-7aTPOOuTT3co/assets/index-420c3aee.js                             64.20 kB │ gzip:  18.35 kB │ map:   257.12 kB
../../../../../../../tmp/chromatic--75202-7aTPOOuTT3co/assets/formatter-S4K5WUZV-08c8bcd8.js               601.62 kB │ gzip: 185.03 kB │ map: 1,314.35 kB
../../../../../../../tmp/chromatic--75202-7aTPOOuTT3co/assets/DocsRenderer-EYKKDMVH-212d45f4.js            641.17 kB │ gzip: 210.18 kB │ map: 1,815.08 kB

(!) Some chunks are larger than 500 kBs after minification. Consider:
- Using dynamic import() to code-split the application
- Use build.rollupOptions.output.manualChunks to improve chunking: https://rollupjs.org/configuration-options/#output-manualchunks
- Adjust chunk size limit for this warning via build.chunkSizeWarningLimit.
✓ built in 6.94s
info => Output directory: /tmp/chromatic--75202-7aTPOOuTT3co
